<?xml version="1.0" encoding="UTF-8"?>
<!-- Generated by org.testng.reporters.JUnitXMLReporter -->
<testsuite ignored="0" hostname="Husain" failures="0" tests="23" name="Surefire test" time="109.776" errors="0" timestamp="2023-12-28T00:53:13 EST">
  <testcase classname="com.AllTest_Selenium.Test_ActionClass" name="mouseHoover" time="0.931"/>
  <testcase classname="com.AllTest_Selenium.Test_AlertWithOk" name="alert_With_Ok" time="6.571"/>
  <testcase classname="com.AllTest_Selenium.Test_BoostrapDropDown" name="dropDown_Test" time="0.57"/>
  <testcase classname="com.AllTest_Selenium.Test_DataDrivernTest" name="Register_Test" time="0.854"/>
  <testcase classname="com.AllTest_Selenium.Test_DataDrivernTest" name="Register_Test" time="0.966"/>
  <testcase classname="com.AllTest_Selenium.Test_DataDrivernTest" name="Register_Test" time="1.19"/>
  <testcase classname="com.AllTest_Selenium.Test_DatePicker" name="testDate" time="2.1"/>
  <testcase classname="com.AllTest_Selenium.Test_DragNDrop" name="dragAndDrop" time="0.809"/>
  <testcase classname="com.AllTest_Selenium.Test_DropDown" name="dropDown_test" time="1.177"/>
  <testcase classname="com.AllTest_Selenium.Test_GetText" name="getText_test" time="0.079"/>
  <testcase classname="com.AllTest_Selenium.Test_InputBoxAndRandomEmail" name="randomNumber" time="5.917"/>
  <testcase classname="com.AllTest_Selenium.Test_InputBoxAndRandomEmail" name="testRandomEmail" time="0.784"/>
  <testcase classname="com.AllTest_Selenium.Test_InputBoxAndRandomEmail" name="randomCity" time="0.513"/>
  <testcase classname="com.AllTest_Selenium.Test_JavascriptExecutor" name="DrawBorderByJs" time="0.216"/>
  <testcase classname="com.AllTest_Selenium.Test_JavascriptExecutor" name="clickElementByJs" time="1.181"/>
  <testcase classname="com.AllTest_Selenium.Test_JavascriptExecutor" name="getTitleByJs" time="0.017"/>
  <testcase classname="com.AllTest_Selenium.Test_JavascriptExecutor" name="refreshByJs" time="0.453"/>
  <testcase classname="com.AllTest_Selenium.Test_JavascriptExecutor" name="scrollDownPage" time="0.012"/>
  <testcase classname="com.AllTest_Selenium.Test_JavascriptExecutor" name="scrollPageDown" time="0.009"/>
  <testcase classname="com.AllTest_Selenium.Test_PermissionAuthentication" name="handleAuthentication" time="0.257"/>
  <testcase classname="com.AllTest_Selenium.Test_TextValidation" name="textValidation" time="0.066"/>
  <testcase classname="com.AllTest_Selenium.Test_WebTable" name="handle_WebTable" time="0.999"/>
  <testcase classname="com.AllTest_Selenium.WindowHandel_Test" name="window_Test" time="8.299"/>
</testsuite> <!-- Surefire test -->
