<?xml version="1.0" encoding="UTF-8"?>
<!-- Generated by org.testng.reporters.JUnitXMLReporter -->
<testsuite ignored="0" hostname="Husain" failures="0" tests="25" name="Test" time="82.635" errors="0" timestamp="2023-12-28T12:48:57 EST">
  <testcase classname="com.AllTest_Selenium.Test_DropDown" name="dropDown_test" time="0.907"/>
  <testcase classname="com.AllTest_Selenium.Test_AlertWithOk" name="alert_With_Ok" time="5.281"/>
  <testcase classname="com.AllTest_Selenium.Test_DataDrivernTest" name="Register_Test" time="0.615"/>
  <testcase classname="com.AllTest_Selenium.Test_DataDrivernTest" name="Register_Test" time="0.45"/>
  <testcase classname="com.AllTest_Selenium.Test_DataDrivernTest" name="Register_Test" time="0.435"/>
  <testcase classname="com.AllTest_Selenium.WindowHandel_Test" name="window_Test" time="7.845"/>
  <testcase classname="com.AllTest_Selenium.HandleAlert" name="testAlert" time="6.611"/>
  <testcase classname="com.AllTest_Selenium.Test_DragNDrop" name="dragAndDrop" time="0.568"/>
  <testcase classname="com.AllTest_Selenium.Test_JavascriptExecutor" name="DrawBorderByJs" time="0.113"/>
  <testcase classname="com.AllTest_Selenium.Test_JavascriptExecutor" name="clickElementByJs" time="0.993"/>
  <testcase classname="com.AllTest_Selenium.Test_JavascriptExecutor" name="getTitleByJs" time="0.005"/>
  <testcase classname="com.AllTest_Selenium.Test_JavascriptExecutor" name="refreshByJs" time="0.248"/>
  <testcase classname="com.AllTest_Selenium.Test_JavascriptExecutor" name="scrollDownPage" time="0.008"/>
  <testcase classname="com.AllTest_Selenium.Test_JavascriptExecutor" name="scrollPageDown" time="0.008"/>
  <testcase classname="com.AllTest_Selenium.Test_GetText" name="getText_test" time="0.035"/>
  <testcase classname="com.AllTest_Selenium.Test_BoostrapDropDown" name="dropDown_Test" time="0.188"/>
  <testcase classname="com.AllTest_Selenium.Test_InputBoxAndRandomEmail" name="randomNumber" time="5.535"/>
  <testcase classname="com.AllTest_Selenium.Test_InputBoxAndRandomEmail" name="testRandomEmail" time="0.355"/>
  <testcase classname="com.AllTest_Selenium.Test_InputBoxAndRandomEmail" name="randomCity" time="0.309"/>
  <testcase classname="com.AllTest_Selenium.Test_PermissionAuthentication" name="handleAuthentication" time="0.074"/>
  <testcase classname="com.AllTest_Selenium.Test_WebTable" name="handle_WebTable" time="0.389"/>
  <testcase classname="com.AllTest_Selenium.ClickRegister" name="reg" time="0.282"/>
  <testcase classname="com.AllTest_Selenium.Test_ActionClass" name="mouseHoover" time="0.618"/>
  <testcase classname="com.AllTest_Selenium.Test_TextValidation" name="textValidation" time="0.044"/>
  <testcase classname="com.AllTest_Selenium.Test_DatePicker" name="testDate" time="1.186"/>
</testsuite> <!-- Test -->
