<?xml version="1.0" encoding="UTF-8"?>
<testng-results ignored="0" total="25" passed="25" failed="0" skipped="0">
  <reporter-output>
  </reporter-output>
  <suite started-at="2023-12-28T12:47:35 EST" name="Suite" finished-at="2023-12-28T12:48:57 EST" duration-ms="82635">
    <groups>
    </groups>
    <test started-at="2023-12-28T12:47:35 EST" name="Test" finished-at="2023-12-28T12:48:57 EST" duration-ms="82635">
      <class name="com.AllTest_Selenium.ClickRegister">
        <test-method is-config="true" signature="setUp()[pri:0, instance:com.AllTest_Selenium.ClickRegister@7c6908d7]" started-at="2023-12-28T12:48:44 EST" name="setUp" finished-at="2023-12-28T12:48:46 EST" duration-ms="2055" status="PASS">
          <reporter-output>
          </reporter-output>
        </test-method> <!-- setUp -->
        <test-method signature="reg()[pri:0, instance:com.AllTest_Selenium.ClickRegister@7c6908d7]" started-at="2023-12-28T12:48:46 EST" name="reg" finished-at="2023-12-28T12:48:46 EST" duration-ms="282" status="PASS">
          <reporter-output>
          </reporter-output>
        </test-method> <!-- reg -->
        <test-method is-config="true" signature="tearDown()[pri:0, instance:com.AllTest_Selenium.ClickRegister@7c6908d7]" started-at="2023-12-28T12:48:46 EST" name="tearDown" finished-at="2023-12-28T12:48:46 EST" duration-ms="73" status="PASS">
          <reporter-output>
          </reporter-output>
        </test-method> <!-- tearDown -->
      </class> <!-- com.AllTest_Selenium.ClickRegister -->
      <class name="com.AllTest_Selenium.Test_ActionClass">
        <test-method is-config="true" signature="setUp()[pri:0, instance:com.AllTest_Selenium.Test_ActionClass@3c9754d8]" started-at="2023-12-28T12:48:46 EST" name="setUp" finished-at="2023-12-28T12:48:48 EST" duration-ms="1949" status="PASS">
          <reporter-output>
          </reporter-output>
        </test-method> <!-- setUp -->
        <test-method signature="mouseHoover()[pri:0, instance:com.AllTest_Selenium.Test_ActionClass@3c9754d8]" started-at="2023-12-28T12:48:48 EST" name="mouseHoover" finished-at="2023-12-28T12:48:49 EST" duration-ms="618" status="PASS">
          <reporter-output>
          </reporter-output>
        </test-method> <!-- mouseHoover -->
        <test-method is-config="true" signature="tearDown()[pri:0, instance:com.AllTest_Selenium.Test_ActionClass@3c9754d8]" started-at="2023-12-28T12:48:49 EST" name="tearDown" finished-at="2023-12-28T12:48:49 EST" duration-ms="147" status="PASS">
          <reporter-output>
          </reporter-output>
        </test-method> <!-- tearDown -->
      </class> <!-- com.AllTest_Selenium.Test_ActionClass -->
      <class name="com.AllTest_Selenium.Test_WebTable">
        <test-method is-config="true" signature="setUp()[pri:0, instance:com.AllTest_Selenium.Test_WebTable@198b6731]" started-at="2023-12-28T12:48:42 EST" name="setUp" finished-at="2023-12-28T12:48:44 EST" duration-ms="1987" status="PASS">
          <reporter-output>
          </reporter-output>
        </test-method> <!-- setUp -->
        <test-method signature="handle_WebTable()[pri:0, instance:com.AllTest_Selenium.Test_WebTable@198b6731]" started-at="2023-12-28T12:48:44 EST" name="handle_WebTable" finished-at="2023-12-28T12:48:44 EST" duration-ms="389" status="PASS">
          <reporter-output>
          </reporter-output>
        </test-method> <!-- handle_WebTable -->
        <test-method is-config="true" signature="tearDown()[pri:0, instance:com.AllTest_Selenium.Test_WebTable@198b6731]" started-at="2023-12-28T12:48:44 EST" name="tearDown" finished-at="2023-12-28T12:48:44 EST" duration-ms="122" status="PASS">
          <reporter-output>
          </reporter-output>
        </test-method> <!-- tearDown -->
      </class> <!-- com.AllTest_Selenium.Test_WebTable -->
      <class name="com.AllTest_Selenium.Test_BoostrapDropDown">
        <test-method is-config="true" signature="setUp()[pri:0, instance:com.AllTest_Selenium.Test_BoostrapDropDown@15de0b3c]" started-at="2023-12-28T12:48:26 EST" name="setUp" finished-at="2023-12-28T12:48:29 EST" duration-ms="2279" status="PASS">
          <reporter-output>
          </reporter-output>
        </test-method> <!-- setUp -->
        <test-method signature="dropDown_Test()[pri:0, instance:com.AllTest_Selenium.Test_BoostrapDropDown@15de0b3c]" started-at="2023-12-28T12:48:29 EST" name="dropDown_Test" finished-at="2023-12-28T12:48:29 EST" duration-ms="188" status="PASS">
          <reporter-output>
          </reporter-output>
        </test-method> <!-- dropDown_Test -->
        <test-method is-config="true" signature="tearDown()[pri:0, instance:com.AllTest_Selenium.Test_BoostrapDropDown@15de0b3c]" started-at="2023-12-28T12:48:29 EST" name="tearDown" finished-at="2023-12-28T12:48:29 EST" duration-ms="87" status="PASS">
          <reporter-output>
          </reporter-output>
        </test-method> <!-- tearDown -->
      </class> <!-- com.AllTest_Selenium.Test_BoostrapDropDown -->
      <class name="com.AllTest_Selenium.Test_AlertWithOk">
        <test-method is-config="true" signature="setUp()[pri:0, instance:com.AllTest_Selenium.Test_AlertWithOk@1fa121e2]" started-at="2023-12-28T12:47:38 EST" name="setUp" finished-at="2023-12-28T12:47:43 EST" duration-ms="4919" status="PASS">
          <reporter-output>
          </reporter-output>
        </test-method> <!-- setUp -->
        <test-method signature="alert_With_Ok()[pri:0, instance:com.AllTest_Selenium.Test_AlertWithOk@1fa121e2]" started-at="2023-12-28T12:47:43 EST" name="alert_With_Ok" finished-at="2023-12-28T12:47:48 EST" duration-ms="5281" status="PASS">
          <reporter-output>
          </reporter-output>
        </test-method> <!-- alert_With_Ok -->
        <test-method is-config="true" signature="tearDown()[pri:0, instance:com.AllTest_Selenium.Test_AlertWithOk@1fa121e2]" started-at="2023-12-28T12:47:48 EST" name="tearDown" finished-at="2023-12-28T12:47:49 EST" duration-ms="159" status="PASS">
          <reporter-output>
          </reporter-output>
        </test-method> <!-- tearDown -->
      </class> <!-- com.AllTest_Selenium.Test_AlertWithOk -->
      <class name="com.AllTest_Selenium.Test_DataDrivernTest">
        <test-method is-config="true" signature="setUp()[pri:0, instance:com.AllTest_Selenium.Test_DataDrivernTest@7eac9008]" started-at="2023-12-28T12:47:49 EST" name="setUp" finished-at="2023-12-28T12:47:51 EST" duration-ms="2143" status="PASS">
          <reporter-output>
          </reporter-output>
        </test-method> <!-- setUp -->
        <test-method signature="Register_Test(java.lang.String,java.lang.String,java.lang.String)[pri:0, instance:com.AllTest_Selenium.Test_DataDrivernTest@7eac9008]" started-at="2023-12-28T12:47:51 EST" name="Register_Test" data-provider="n" finished-at="2023-12-28T12:47:52 EST" duration-ms="615" status="PASS">
          <params>
            <param index="0">
              <value>
                <![CDATA[md]]>
              </value>
            </param>
            <param index="1">
              <value>
                <![CDATA[husain]]>
              </value>
            </param>
            <param index="2">
              <value>
                <![CDATA[abc.com]]>
              </value>
            </param>
          </params>
          <reporter-output>
          </reporter-output>
        </test-method> <!-- Register_Test -->
        <test-method signature="Register_Test(java.lang.String,java.lang.String,java.lang.String)[pri:0, instance:com.AllTest_Selenium.Test_DataDrivernTest@7eac9008]" started-at="2023-12-28T12:47:52 EST" name="Register_Test" data-provider="n" finished-at="2023-12-28T12:47:52 EST" duration-ms="450" status="PASS">
          <params>
            <param index="0">
              <value>
                <![CDATA[abir]]>
              </value>
            </param>
            <param index="1">
              <value>
                <![CDATA[ahmed]]>
              </value>
            </param>
            <param index="2">
              <value>
                <![CDATA[abc@yahoo.com]]>
              </value>
            </param>
          </params>
          <reporter-output>
          </reporter-output>
        </test-method> <!-- Register_Test -->
        <test-method signature="Register_Test(java.lang.String,java.lang.String,java.lang.String)[pri:0, instance:com.AllTest_Selenium.Test_DataDrivernTest@7eac9008]" started-at="2023-12-28T12:47:52 EST" name="Register_Test" data-provider="n" finished-at="2023-12-28T12:47:53 EST" duration-ms="435" status="PASS">
          <params>
            <param index="0">
              <value>
                <![CDATA[sabrina]]>
              </value>
            </param>
            <param index="1">
              <value>
                <![CDATA[hussain]]>
              </value>
            </param>
            <param index="2">
              <value>
                <![CDATA[lmn@gmail.com]]>
              </value>
            </param>
          </params>
          <reporter-output>
          </reporter-output>
        </test-method> <!-- Register_Test -->
        <test-method is-config="true" signature="tearDown()[pri:0, instance:com.AllTest_Selenium.Test_DataDrivernTest@7eac9008]" started-at="2023-12-28T12:47:53 EST" name="tearDown" finished-at="2023-12-28T12:47:53 EST" duration-ms="124" status="PASS">
          <reporter-output>
          </reporter-output>
        </test-method> <!-- tearDown -->
      </class> <!-- com.AllTest_Selenium.Test_DataDrivernTest -->
      <class name="com.AllTest_Selenium.Test_TextValidation">
        <test-method is-config="true" signature="setUp()[pri:0, instance:com.AllTest_Selenium.Test_TextValidation@3bf7ca37]" started-at="2023-12-28T12:48:49 EST" name="setUp" finished-at="2023-12-28T12:48:51 EST" duration-ms="1980" status="PASS">
          <reporter-output>
          </reporter-output>
        </test-method> <!-- setUp -->
        <test-method signature="textValidation()[pri:0, instance:com.AllTest_Selenium.Test_TextValidation@3bf7ca37]" started-at="2023-12-28T12:48:51 EST" name="textValidation" finished-at="2023-12-28T12:48:51 EST" duration-ms="44" status="PASS">
          <reporter-output>
          </reporter-output>
        </test-method> <!-- textValidation -->
        <test-method is-config="true" signature="tearDown()[pri:0, instance:com.AllTest_Selenium.Test_TextValidation@3bf7ca37]" started-at="2023-12-28T12:48:51 EST" name="tearDown" finished-at="2023-12-28T12:48:51 EST" duration-ms="123" status="PASS">
          <reporter-output>
          </reporter-output>
        </test-method> <!-- tearDown -->
      </class> <!-- com.AllTest_Selenium.Test_TextValidation -->
      <class name="com.AllTest_Selenium.Test_DatePicker">
        <test-method is-config="true" signature="setUp()[pri:0, instance:com.AllTest_Selenium.Test_DatePicker@79079097]" started-at="2023-12-28T12:48:51 EST" name="setUp" finished-at="2023-12-28T12:48:56 EST" duration-ms="4444" status="PASS">
          <reporter-output>
          </reporter-output>
        </test-method> <!-- setUp -->
        <test-method signature="testDate()[pri:0, instance:com.AllTest_Selenium.Test_DatePicker@79079097]" started-at="2023-12-28T12:48:56 EST" name="testDate" finished-at="2023-12-28T12:48:57 EST" duration-ms="1186" status="PASS">
          <reporter-output>
          </reporter-output>
        </test-method> <!-- testDate -->
        <test-method is-config="true" signature="tearDown()[pri:0, instance:com.AllTest_Selenium.Test_DatePicker@79079097]" started-at="2023-12-28T12:48:57 EST" name="tearDown" finished-at="2023-12-28T12:48:57 EST" duration-ms="182" status="PASS">
          <reporter-output>
          </reporter-output>
        </test-method> <!-- tearDown -->
      </class> <!-- com.AllTest_Selenium.Test_DatePicker -->
      <class name="com.AllTest_Selenium.Test_GetText">
        <test-method is-config="true" signature="setUp()[pri:0, instance:com.AllTest_Selenium.Test_GetText@1a677343]" started-at="2023-12-28T12:48:24 EST" name="setUp" finished-at="2023-12-28T12:48:26 EST" duration-ms="2327" status="PASS">
          <reporter-output>
          </reporter-output>
        </test-method> <!-- setUp -->
        <test-method signature="getText_test()[pri:0, instance:com.AllTest_Selenium.Test_GetText@1a677343]" started-at="2023-12-28T12:48:26 EST" name="getText_test" finished-at="2023-12-28T12:48:26 EST" duration-ms="35" status="PASS">
          <reporter-output>
          </reporter-output>
        </test-method> <!-- getText_test -->
        <test-method is-config="true" signature="tearDown()[pri:0, instance:com.AllTest_Selenium.Test_GetText@1a677343]" started-at="2023-12-28T12:48:26 EST" name="tearDown" finished-at="2023-12-28T12:48:26 EST" duration-ms="125" status="PASS">
          <reporter-output>
          </reporter-output>
        </test-method> <!-- tearDown -->
      </class> <!-- com.AllTest_Selenium.Test_GetText -->
      <class name="com.AllTest_Selenium.Test_JavascriptExecutor">
        <test-method is-config="true" signature="setUp()[pri:0, instance:com.AllTest_Selenium.Test_JavascriptExecutor@6ed3ccb2]" started-at="2023-12-28T12:48:20 EST" name="setUp" finished-at="2023-12-28T12:48:22 EST" duration-ms="2156" status="PASS">
          <reporter-output>
          </reporter-output>
        </test-method> <!-- setUp -->
        <test-method signature="DrawBorderByJs()[pri:0, instance:com.AllTest_Selenium.Test_JavascriptExecutor@6ed3ccb2]" started-at="2023-12-28T12:48:22 EST" name="DrawBorderByJs" finished-at="2023-12-28T12:48:22 EST" duration-ms="113" status="PASS">
          <reporter-output>
          </reporter-output>
        </test-method> <!-- DrawBorderByJs -->
        <test-method signature="clickElementByJs()[pri:0, instance:com.AllTest_Selenium.Test_JavascriptExecutor@6ed3ccb2]" started-at="2023-12-28T12:48:22 EST" name="clickElementByJs" finished-at="2023-12-28T12:48:23 EST" duration-ms="993" status="PASS">
          <reporter-output>
          </reporter-output>
        </test-method> <!-- clickElementByJs -->
        <test-method signature="getTitleByJs()[pri:0, instance:com.AllTest_Selenium.Test_JavascriptExecutor@6ed3ccb2]" started-at="2023-12-28T12:48:23 EST" name="getTitleByJs" finished-at="2023-12-28T12:48:23 EST" duration-ms="5" status="PASS">
          <reporter-output>
          </reporter-output>
        </test-method> <!-- getTitleByJs -->
        <test-method signature="refreshByJs()[pri:0, instance:com.AllTest_Selenium.Test_JavascriptExecutor@6ed3ccb2]" started-at="2023-12-28T12:48:24 EST" name="refreshByJs" finished-at="2023-12-28T12:48:24 EST" duration-ms="248" status="PASS">
          <reporter-output>
          </reporter-output>
        </test-method> <!-- refreshByJs -->
        <test-method signature="scrollDownPage()[pri:0, instance:com.AllTest_Selenium.Test_JavascriptExecutor@6ed3ccb2]" started-at="2023-12-28T12:48:24 EST" name="scrollDownPage" finished-at="2023-12-28T12:48:24 EST" duration-ms="8" status="PASS">
          <reporter-output>
          </reporter-output>
        </test-method> <!-- scrollDownPage -->
        <test-method signature="scrollPageDown()[pri:0, instance:com.AllTest_Selenium.Test_JavascriptExecutor@6ed3ccb2]" started-at="2023-12-28T12:48:24 EST" name="scrollPageDown" finished-at="2023-12-28T12:48:24 EST" duration-ms="8" status="PASS">
          <reporter-output>
          </reporter-output>
        </test-method> <!-- scrollPageDown -->
        <test-method is-config="true" signature="tearDown()[pri:0, instance:com.AllTest_Selenium.Test_JavascriptExecutor@6ed3ccb2]" started-at="2023-12-28T12:48:24 EST" name="tearDown" finished-at="2023-12-28T12:48:24 EST" duration-ms="130" status="PASS">
          <reporter-output>
          </reporter-output>
        </test-method> <!-- tearDown -->
      </class> <!-- com.AllTest_Selenium.Test_JavascriptExecutor -->
      <class name="com.AllTest_Selenium.WindowHandel_Test">
        <test-method is-config="true" signature="setUp()[pri:0, instance:com.AllTest_Selenium.WindowHandel_Test@4116aac9]" started-at="2023-12-28T12:47:53 EST" name="setUp" finished-at="2023-12-28T12:47:56 EST" duration-ms="3331" status="PASS">
          <reporter-output>
          </reporter-output>
        </test-method> <!-- setUp -->
        <test-method signature="window_Test()[pri:0, instance:com.AllTest_Selenium.WindowHandel_Test@4116aac9]" started-at="2023-12-28T12:47:56 EST" name="window_Test" finished-at="2023-12-28T12:48:04 EST" duration-ms="7845" status="PASS">
          <reporter-output>
          </reporter-output>
        </test-method> <!-- window_Test -->
        <test-method is-config="true" signature="tearDown()[pri:0, instance:com.AllTest_Selenium.WindowHandel_Test@4116aac9]" started-at="2023-12-28T12:48:04 EST" name="tearDown" finished-at="2023-12-28T12:48:04 EST" duration-ms="193" status="PASS">
          <reporter-output>
          </reporter-output>
        </test-method> <!-- tearDown -->
      </class> <!-- com.AllTest_Selenium.WindowHandel_Test -->
      <class name="com.AllTest_Selenium.Test_DragNDrop">
        <test-method is-config="true" signature="setUp()[pri:0, instance:com.AllTest_Selenium.Test_DragNDrop@74e52ef6]" started-at="2023-12-28T12:48:16 EST" name="setUp" finished-at="2023-12-28T12:48:20 EST" duration-ms="3860" status="PASS">
          <reporter-output>
          </reporter-output>
        </test-method> <!-- setUp -->
        <test-method signature="dragAndDrop()[pri:0, instance:com.AllTest_Selenium.Test_DragNDrop@74e52ef6]" started-at="2023-12-28T12:48:20 EST" name="dragAndDrop" finished-at="2023-12-28T12:48:20 EST" duration-ms="568" status="PASS">
          <reporter-output>
          </reporter-output>
        </test-method> <!-- dragAndDrop -->
        <test-method is-config="true" signature="tearDown()[pri:0, instance:com.AllTest_Selenium.Test_DragNDrop@74e52ef6]" started-at="2023-12-28T12:48:20 EST" name="tearDown" finished-at="2023-12-28T12:48:20 EST" duration-ms="80" status="PASS">
          <reporter-output>
          </reporter-output>
        </test-method> <!-- tearDown -->
      </class> <!-- com.AllTest_Selenium.Test_DragNDrop -->
      <class name="com.AllTest_Selenium.HandleAlert">
        <test-method is-config="true" signature="setUp()[pri:0, instance:com.AllTest_Selenium.HandleAlert@62ddbd7e]" started-at="2023-12-28T12:48:04 EST" name="setUp" finished-at="2023-12-28T12:48:09 EST" duration-ms="4592" status="PASS">
          <reporter-output>
          </reporter-output>
        </test-method> <!-- setUp -->
        <test-method signature="testAlert()[pri:0, instance:com.AllTest_Selenium.HandleAlert@62ddbd7e]" started-at="2023-12-28T12:48:09 EST" name="testAlert" finished-at="2023-12-28T12:48:16 EST" duration-ms="6611" status="PASS">
          <reporter-output>
          </reporter-output>
        </test-method> <!-- testAlert -->
        <test-method is-config="true" signature="tearDown()[pri:0, instance:com.AllTest_Selenium.HandleAlert@62ddbd7e]" started-at="2023-12-28T12:48:16 EST" name="tearDown" finished-at="2023-12-28T12:48:16 EST" duration-ms="183" status="PASS">
          <reporter-output>
          </reporter-output>
        </test-method> <!-- tearDown -->
      </class> <!-- com.AllTest_Selenium.HandleAlert -->
      <class name="com.AllTest_Selenium.Test_PermissionAuthentication">
        <test-method is-config="true" signature="setUp()[pri:0, instance:com.AllTest_Selenium.Test_PermissionAuthentication@3857f613]" started-at="2023-12-28T12:48:37 EST" name="setUp" finished-at="2023-12-28T12:48:41 EST" duration-ms="3882" status="PASS">
          <reporter-output>
          </reporter-output>
        </test-method> <!-- setUp -->
        <test-method signature="handleAuthentication()[pri:0, instance:com.AllTest_Selenium.Test_PermissionAuthentication@3857f613]" started-at="2023-12-28T12:48:41 EST" name="handleAuthentication" finished-at="2023-12-28T12:48:41 EST" duration-ms="74" status="PASS">
          <reporter-output>
          </reporter-output>
        </test-method> <!-- handleAuthentication -->
        <test-method is-config="true" signature="teardown()[pri:0, instance:com.AllTest_Selenium.Test_PermissionAuthentication@3857f613]" started-at="2023-12-28T12:48:41 EST" name="teardown" finished-at="2023-12-28T12:48:42 EST" duration-ms="118" status="PASS">
          <reporter-output>
          </reporter-output>
        </test-method> <!-- teardown -->
      </class> <!-- com.AllTest_Selenium.Test_PermissionAuthentication -->
      <class name="com.AllTest_Selenium.Test_DropDown">
        <test-method is-config="true" signature="setUp()[pri:0, instance:com.AllTest_Selenium.Test_DropDown@3eb738bb]" started-at="2023-12-28T12:47:35 EST" name="setUp" finished-at="2023-12-28T12:47:37 EST" duration-ms="2481" status="PASS">
          <reporter-output>
          </reporter-output>
        </test-method> <!-- setUp -->
        <test-method signature="dropDown_test()[pri:0, instance:com.AllTest_Selenium.Test_DropDown@3eb738bb]" started-at="2023-12-28T12:47:37 EST" name="dropDown_test" finished-at="2023-12-28T12:47:38 EST" duration-ms="907" status="PASS">
          <reporter-output>
          </reporter-output>
        </test-method> <!-- dropDown_test -->
        <test-method is-config="true" signature="tearDown()[pri:0, instance:com.AllTest_Selenium.Test_DropDown@3eb738bb]" started-at="2023-12-28T12:47:38 EST" name="tearDown" finished-at="2023-12-28T12:47:38 EST" duration-ms="138" status="PASS">
          <reporter-output>
          </reporter-output>
        </test-method> <!-- tearDown -->
      </class> <!-- com.AllTest_Selenium.Test_DropDown -->
      <class name="com.AllTest_Selenium.Test_InputBoxAndRandomEmail">
        <test-method is-config="true" signature="setUp()[pri:0, instance:com.AllTest_Selenium.Test_InputBoxAndRandomEmail@489115ef]" started-at="2023-12-28T12:48:29 EST" name="setUp" finished-at="2023-12-28T12:48:31 EST" duration-ms="2219" status="PASS">
          <reporter-output>
          </reporter-output>
        </test-method> <!-- setUp -->
        <test-method signature="randomNumber()[pri:1, instance:com.AllTest_Selenium.Test_InputBoxAndRandomEmail@489115ef]" started-at="2023-12-28T12:48:31 EST" name="randomNumber" finished-at="2023-12-28T12:48:37 EST" duration-ms="5535" status="PASS">
          <reporter-output>
          </reporter-output>
        </test-method> <!-- randomNumber -->
        <test-method signature="testRandomEmail()[pri:2, instance:com.AllTest_Selenium.Test_InputBoxAndRandomEmail@489115ef]" started-at="2023-12-28T12:48:37 EST" name="testRandomEmail" finished-at="2023-12-28T12:48:37 EST" duration-ms="355" status="PASS">
          <reporter-output>
          </reporter-output>
        </test-method> <!-- testRandomEmail -->
        <test-method signature="randomCity()[pri:3, instance:com.AllTest_Selenium.Test_InputBoxAndRandomEmail@489115ef]" started-at="2023-12-28T12:48:37 EST" name="randomCity" finished-at="2023-12-28T12:48:37 EST" duration-ms="309" status="PASS">
          <reporter-output>
          </reporter-output>
        </test-method> <!-- randomCity -->
        <test-method is-config="true" signature="tearDown()[pri:0, instance:com.AllTest_Selenium.Test_InputBoxAndRandomEmail@489115ef]" started-at="2023-12-28T12:48:37 EST" name="tearDown" finished-at="2023-12-28T12:48:37 EST" duration-ms="122" status="PASS">
          <reporter-output>
          </reporter-output>
        </test-method> <!-- tearDown -->
      </class> <!-- com.AllTest_Selenium.Test_InputBoxAndRandomEmail -->
    </test> <!-- Test -->
  </suite> <!-- Suite -->
</testng-results>
